{
  "RSpec": {
    "coverage": {
      "/Users/xajler/src/rb/xapp/config/environment.rb": [
        null,
        1,
        null,
        null,
        1
      ],
      "/Users/xajler/src/rb/xapp/config/application.rb": [
        1,
        null,
        null,
        1,
        1,
        1,
        1,
        null,
        null,
        null,
        1,
        null,
        1,
        null,
        null,
        null,
        null,
        1,
        1,
        null,
        null,
        null,
        null,
        null,
        null,
        null,
        null,
        null,
        null,
        null,
        null,
        null,
        null,
        null,
        null,
        null,
        null,
        null,
        null,
        null,
        null,
        null,
        1,
        null,
        null,
        1,
        null,
        null,
        1,
        null,
        null,
        null,
        null,
        null,
        null,
        null,
        null,
        null,
        null,
        1,
        null,
        null,
        null
      ],
      "/Users/xajler/src/rb/xapp/config/boot.rb": [
        1,
        null,
        null,
        1,
        null,
        1
      ],
      "/Users/xajler/src/rb/xapp/config/environments/test.rb": [
        1,
        null,
        null,
        null,
        null,
        null,
        null,
        1,
        null,
        null,
        1,
        1,
        null,
        null,
        1,
        null,
        null,
        1,
        1,
        null,
        null,
        1,
        null,
        null,
        1,
        null,
        null,
        null,
        null,
        1,
        null,
        null,
        1,
        null,
        null,
        1,
        null
      ],
      "/Users/xajler/src/rb/xapp/config/initializers/backtrace_silencers.rb": [
        null,
        null,
        null,
        null,
        null,
        null,
        null
      ],
      "/Users/xajler/src/rb/xapp/config/initializers/inflections.rb": [
        null,
        null,
        null,
        null,
        null,
        null,
        null,
        null,
        null,
        null,
        null,
        null,
        null,
        null,
        null
      ],
      "/Users/xajler/src/rb/xapp/config/initializers/mime_types.rb": [
        null,
        null,
        null,
        null,
        null
      ],
      "/Users/xajler/src/rb/xapp/config/initializers/secret_token.rb": [
        null,
        null,
        null,
        null,
        null,
        null,
        1
      ],
      "/Users/xajler/src/rb/xapp/config/initializers/session_store.rb": [
        null,
        null,
        1,
        null,
        null,
        null,
        null,
        null
      ],
      "/Users/xajler/src/rb/xapp/config/initializers/wrap_parameters.rb": [
        null,
        null,
        null,
        null,
        null,
        null,
        1,
        1,
        null,
        null,
        null,
        1,
        1,
        null
      ],
      "/Users/xajler/src/rb/xapp/app/api/account_api.rb": [
        1,
        1,
        1,
        2,
        null,
        null,
        1,
        2,
        2,
        null,
        2,
        1,
        1,
        null,
        1,
        null,
        null,
        null,
        null
      ],
      "/Users/xajler/src/rb/xapp/app/api/tenant_api.rb": [
        1,
        1,
        1,
        1,
        null,
        null,
        1,
        2,
        null,
        null,
        1,
        2,
        2,
        null,
        2,
        1,
        1,
        null,
        1,
        null,
        null,
        null,
        null
      ],
      "/Users/xajler/src/rb/xapp/app/controllers/application_controller.rb": [
        1,
        1,
        null
      ],
      "/Users/xajler/src/rb/xapp/app/helpers/application_helper.rb": [
        1,
        null
      ],
      "/Users/xajler/src/rb/xapp/app/models/account.rb": [
        1,
        1,
        1,
        null,
        1,
        1,
        null,
        1,
        15,
        15,
        null,
        null,
        1,
        1,
        6,
        null,
        5,
        2,
        null,
        3,
        null,
        null,
        null,
        1,
        4,
        4,
        null,
        null,
        null
      ],
      "/Users/xajler/src/rb/xapp/app/models/tenant.rb": [
        1,
        1,
        1,
        null,
        1,
        1,
        null,
        1,
        19,
        18,
        null,
        null,
        1,
        1,
        6,
        null,
        5,
        2,
        null,
        3,
        null,
        null,
        null,
        1,
        4,
        4,
        4,
        null,
        null,
        null
      ],
      "/Users/xajler/src/rb/xapp/spec/factories/accounts.rb": [
        1,
        1,
        1,
        1,
        null,
        null
      ],
      "/Users/xajler/src/rb/xapp/spec/factories/tenants.rb": [
        1,
        1,
        1,
        1,
        1,
        null,
        1,
        1,
        1,
        null,
        null,
        null
      ],
      "/Users/xajler/src/rb/xapp/config/routes.rb": [
        1,
        1,
        1,
        null
      ],
      "/Users/xajler/src/rb/xapp/spec/api/tenant_api_spec.rb": [
        1,
        null,
        1,
        1,
        1,
        1,
        null,
        1,
        1,
        1,
        null,
        null,
        1,
        1,
        1,
        null,
        1,
        1,
        1,
        null,
        null,
        1,
        1,
        null,
        1,
        1,
        1,
        null,
        null,
        null,
        1,
        1,
        2,
        2,
        null,
        null,
        1,
        1,
        1,
        1,
        null,
        null,
        1,
        1,
        null,
        1,
        1,
        1,
        null,
        null,
        null
      ],
      "/Users/xajler/src/rb/xapp/spec/models/account_spec.rb": [
        1,
        null,
        1,
        1,
        7,
        null,
        null,
        1,
        3,
        null,
        null,
        1,
        1,
        null,
        null,
        1,
        1,
        null,
        null,
        1,
        1,
        1,
        1,
        null,
        null,
        1,
        1,
        1,
        null,
        null,
        null,
        1,
        1,
        2,
        null,
        null,
        1,
        1,
        1,
        null,
        null,
        1,
        1,
        1,
        null,
        1,
        null,
        null,
        1,
        2,
        null,
        null,
        null,
        1,
        1,
        1,
        1,
        null,
        null,
        1,
        1,
        null,
        1,
        1,
        null,
        null,
        null
      ],
      "/Users/xajler/src/rb/xapp/spec/models/tenant_spec.rb": [
        1,
        null,
        1,
        1,
        9,
        null,
        null,
        1,
        4,
        null,
        null,
        1,
        1,
        null,
        null,
        1,
        1,
        null,
        null,
        1,
        1,
        1,
        1,
        null,
        null,
        1,
        1,
        1,
        null,
        null,
        1,
        1,
        1,
        null,
        null,
        1,
        1,
        1,
        1,
        1,
        1,
        null,
        null,
        1,
        2,
        null,
        null,
        null,
        1,
        1,
        2,
        null,
        null,
        1,
        1,
        1,
        null,
        null,
        1,
        1,
        1,
        null,
        1,
        null,
        null,
        1,
        2,
        null,
        null,
        null,
        1,
        1,
        1,
        1,
        null,
        null,
        null,
        1,
        1,
        null,
        1,
        1,
        null,
        null
      ]
    },
    "timestamp": 1348325576
  }
}
